Job: r8s_mrbayes_final with ID 477249
Running on tres0931
Job started at 16:21:15 Wed 03 Apr 2024
Directory is /scrfs/storage/ppezzi/home/Scripts
Using 1 processors across 1 nodes
Reading tree con_50_majrule
0 zero-length branches collapsed
Executing blformat command...
Branch lengths assumed to be in units of numbers of substitutions per site
Number of sites in sequences set to 10647
All branch lengths multipled by the 10647 sites in the sequence
Branch lengths rounded to nearest integer
(This may not be a good idea when using CALIBRATE on ultrametric user supplied input trees. Use ROUND=NO then)
Defining clade name: AgaAureo
Defining clade name: AureoBrachy
Defining clade name: AureoDasis
Fixing age of AgaAureo at 24.072231
 (The age of this node will no longer be estimated.)
 (This command overides any previous age constraints for this node.)
 (The total number of fixed ages is now 1)
Fixing age of AureoBrachy at 8.385869
 (The age of this node will no longer be estimated.)
 (This command overides any previous age constraints for this node.)
 (The total number of fixed ages is now 2)
Fixing age of AureoDasis at 3.221287
 (The age of this node will no longer be estimated.)
 (This command overides any previous age constraints for this node.)
 (The total number of fixed ages is now 3)
Using DIVTIME with clock (Langley-Fitch) options to obtain an initial guess at rates for PL search


----------------------------------------


LINEAGE RATE/TIME ANALYSIS FOR TREE con_50_majrule

Method = Penalized Likelihood
Smoothing factor = 1.000000
Penalty function = Ancestor-Descendant
Scale for rate penalty = ADDITIVE
Minimum allowed rate = 0.050000 of initial average rate estimate
Minimum allowed duration on 0-length terminal branches = 0.001000 of root's age
Optimization via Truncated-Newton (TN) method with bound constraints

----------------------------------------
Substitution Model
	Rates are equal across sites
Global/Local Search Parameters
	Number of searches from random starts = 1
	Number of restarts after each search = 1
	Local perturbation on restarts = 0.01
	Local fractional tolerance after restarts = 0.01
Optimization parameters set automatically by TN routine
Length of tree input =  5604
Number of taxa  =  57
Number of sites in sequences =  10647

----------------------------------------
Starting optimization (random starting point 1)
...Checking the starting point...(for some barrier constant)...
...Passed...now optimizing...
...Initial solution=587.618301
......starting perturbation 1
......solution for perturbation 1=587.618301...best=587.618301
*** Using analytical formula for gradient in check gradient step ***
...checking gradient of the solution...

	Norm for free parameters in gradient (0.000001) should be less than cutoff (1.275950)
	Checking active constraints for node times only (activeEpsilon=0.001000 and window [actEps*rootage]=0.024072)
	Param	Estimate	Gradient	Active*	Taxon
	[1]	20.627177	-0.000000	0	
	[2]	19.547070	-0.000000	0	
	[3]	19.172749	-0.000000	0	
	[4]	17.464031	-0.000000	0	
	[5]	16.129929	0.000000	0	
	[6]	15.317683	-0.000000	0	
	[7]	14.398232	0.000000	0	
	[8]	9.641680	0.000000	0	
	[9]	8.174992	0.000000	0	
	[10]	0.738857	0.000000	0	
	[11]	0.496884	0.000000	0	
	[12]	5.798445	0.000000	0	
	[13]	14.758847	-0.000000	0	
	[14]	13.172831	0.000000	0	
	[15]	11.514056	0.000000	0	
	[16]	8.516191	0.000000	0	
	[17]	18.541359	0.000000	0	
	[18]	18.173917	-0.000000	0	
	[19]	16.447752	0.000000	0	
	[20]	15.699082	-0.000000	0	
	[21]	14.442470	0.000000	0	
	[22]	13.707624	-0.000000	0	
	[23]	9.450251	0.000000	0	
	[24]	4.085899	0.000000	0	
	[25]	1.286625	0.000000	0	
	[26]	15.255306	-0.000000	0	
	[27]	1.685050	-0.000000	0	
	[28]	11.810223	0.000000	0	
	[29]	13.212000	0.000000	0	
	[30]	12.777261	-0.000000	0	
	[31]	9.399111	0.000000	0	
	[32]	8.520677	0.000000	0	
	[33]	8.099803	-0.000000	0	
	[34]	4.706983	-0.000000	0	
	[35]	4.057336	-0.000000	0	
	[36]	3.404305	-0.000000	0	
	[37]	3.726756	-0.000000	0	
	[38]	2.830532	0.000000	0	
	[39]	1.388547	-0.000000	0	
	[40]	3.988881	0.000000	0	
	[41]	2.548529	0.000000	0	
	[42]	2.067041	-0.000000	0	
	[43]	0.939668	-0.000000	0	
	[44]	1.502183	0.000000	0	
	[45]	1.841174	-0.000000	0	
	[46]	10.464421	0.000000	0	

	Gradients for rate parameters (if any)
	Param	Estimate	Gradient
	[47]	8.734921	0.000000
	[48]	10.218157	-0.000000
	[49]	11.575804	0.000000
	[50]	13.278730	-0.000000
	[51]	11.970148	-0.000000
	[52]	8.844246	-0.000000
	[53]	9.024844	0.000000
	[54]	8.827797	0.000000
	[55]	9.732814	0.000000
	[56]	11.636743	-0.000000
	[57]	15.312144	-0.000000
	[58]	16.560444	0.000000
	[59]	16.417345	-0.000000
	[60]	16.383293	0.000000
	[61]	15.917975	-0.000000
	[62]	15.834622	-0.000000
	[63]	15.650077	-0.000000
	[64]	15.962071	-0.000000
	[65]	15.955918	0.000000
	[66]	16.815450	-0.000000
	[67]	16.341492	-0.000000
	[68]	16.654596	0.000000
	[69]	15.977141	0.000000
	[70]	17.868106	-0.000000
	[71]	17.524945	0.000000
	[72]	9.544072	0.000000
	[73]	8.252575	0.000000
	[74]	7.626856	-0.000000
	[75]	7.248565	0.000000
	[76]	8.970574	0.000000
	[77]	8.170440	-0.000000
	[78]	10.884797	-0.000000
	[79]	5.976467	0.000000
	[80]	7.417728	-0.000000
	[81]	7.537653	0.000000
	[82]	7.743891	0.000000
	[83]	6.427065	0.000000
	[84]	7.629698	0.000000
	[85]	8.889892	0.000000
	[86]	10.712260	0.000000
	[87]	9.507287	-0.000000
	[88]	10.457738	0.000000
	[89]	10.576418	-0.000000
	[90]	10.151924	-0.000000
	[91]	11.086048	0.000000
	[92]	11.724960	0.000000
	[93]	12.567483	0.000000
	[94]	11.947433	-0.000000
	[95]	13.489629	0.000000
	[96]	13.856660	0.000000
	[97]	13.405776	0.000000
	[98]	11.261967	-0.000000
	[99]	10.918275	-0.000000
	[100]	11.185729	-0.000000
	[101]	13.647439	0.000000
	[102]	14.495136	-0.000000
	[103]	12.997262	-0.000000
	[104]	9.470915	-0.000000
	[105]	11.120513	-0.000000
	[106]	10.962347	0.000000
	[107]	11.227452	0.000000
	[108]	7.268302	-0.000000
	[109]	13.643270	-0.000000
	[110]	14.166677	0.000000
	[111]	15.196854	0.000000
	[112]	6.704260	0.000000
	[113]	6.964936	0.000000
	[114]	6.978299	-0.000000
	[115]	6.396495	-0.000000
	[116]	5.227675	-0.000000
	[117]	5.578833	0.000000
	[118]	5.742789	-0.000000
	[119]	5.838555	-0.000000
	[120]	5.780001	-0.000000
	[121]	5.976840	-0.000000
	[122]	5.787541	-0.000000
	[123]	6.200994	-0.000000
	[124]	6.131601	0.000000
	[125]	6.737605	0.000000
	[126]	7.321547	0.000000
	[127]	7.311160	0.000000
	[128]	7.612496	0.000000
	[129]	6.544702	-0.000000
	[130]	4.868543	-0.000000
	[131]	3.726846	-0.000000
	[132]	6.953721	0.000000
	[133]	7.256320	-0.000000
	[134]	6.436273	0.000000
	[135]	6.712894	0.000000
	[136]	6.860431	-0.000000
	[137]	7.158874	0.000000
	[138]	6.617276	0.000000
	[139]	6.784787	-0.000000
	[140]	6.318126	-0.000000
	[141]	6.283227	0.000000
	[142]	6.283227	0.000000
	[143]	5.768728	0.000000
	[144]	6.538476	-0.000000
	[145]	6.277162	-0.000000
	[146]	8.027663	0.000000
	[147]	8.095304	0.000000
	[148]	8.310389	0.000000
	[149]	4.905295	-0.000000
	[150]	4.986952	-0.000000
	[151]	3.003042	-0.000000
------------------------------------------------------------------------------
*Key
	+1 = maximum age constraint is reached (gradient may not be 0)
	-1 = minimum age constraint is reached (gradient may not be 0)
	 0 = no constraint present or constraint not reached (gradient should be 0)

	 (note that small gradient values (< |0.000128|) are not examined with respect to active constraints to avoid spurious roundoff issues)

*** Gradient check passed ***

Using optimization from starting point 1 as best estimate

Goodness of fit test for soln. 1 (best): Chi squared = 406.541227 (df=56)
Objective function value:587.618301
Likelihood portion of objective function=467.863350
Penalty portion (divided by smoothing factor):119.754950

Parameter estimates:

	       1  

Times
p[ 1]	 0.00194  
p[ 2]	 0.00184  
p[ 3]	  0.0018  
p[ 4]	 0.00164  
p[ 5]	 0.00151  
p[ 6]	 0.00144  
p[ 7]	 0.00135  
p[ 8]	 0.000906  
p[ 9]	 0.000768  
p[10]	 6.94e-05  
p[11]	 4.67e-05  
p[12]	 0.000545  
p[13]	 0.00139  
p[14]	 0.00124  
p[15]	 0.00108  
p[16]	  0.0008  
p[17]	 0.00174  
p[18]	 0.00171  
p[19]	 0.00154  
p[20]	 0.00147  
p[21]	 0.00136  
p[22]	 0.00129  
p[23]	 0.000888  
p[24]	 0.000384  
p[25]	 0.000121  
p[26]	 0.00143  
p[27]	 0.000158  
p[28]	 0.00111  
p[29]	 0.00124  
p[30]	  0.0012  
p[31]	 0.000883  
p[32]	  0.0008  
p[33]	 0.000761  
p[34]	 0.000442  
p[35]	 0.000381  
p[36]	 0.00032  
p[37]	 0.00035  
p[38]	 0.000266  
p[39]	 0.00013  
p[40]	 0.000375  
p[41]	 0.000239  
p[42]	 0.000194  
p[43]	 8.83e-05  
p[44]	 0.000141  
p[45]	 0.000173  
p[46]	 0.000983  

Rates (substitutions per site per unit time)
p[47]	 0.00082  
p[48]	 0.00096  
p[49]	 0.00109  
p[50]	 0.00125  
p[51]	 0.00112  
p[52]	 0.000831  
p[53]	 0.000848  
p[54]	 0.000829  
p[55]	 0.000914  
p[56]	 0.00109  
p[57]	 0.00144  
p[58]	 0.00156  
p[59]	 0.00154  
p[60]	 0.00154  
p[61]	  0.0015  
p[62]	 0.00149  
p[63]	 0.00147  
p[64]	  0.0015  
p[65]	  0.0015  
p[66]	 0.00158  
p[67]	 0.00153  
p[68]	 0.00156  
p[69]	  0.0015  
p[70]	 0.00168  
p[71]	 0.00165  
p[72]	 0.000896  
p[73]	 0.000775  
p[74]	 0.000716  
p[75]	 0.000681  
p[76]	 0.000843  
p[77]	 0.000767  
p[78]	 0.00102  
p[79]	 0.000561  
p[80]	 0.000697  
p[81]	 0.000708  
p[82]	 0.000727  
p[83]	 0.000604  
p[84]	 0.000717  
p[85]	 0.000835  
p[86]	 0.00101  
p[87]	 0.000893  
p[88]	 0.000982  
p[89]	 0.000993  
p[90]	 0.000954  
p[91]	 0.00104  
p[92]	  0.0011  
p[93]	 0.00118  
p[94]	 0.00112  
p[95]	 0.00127  
p[96]	  0.0013  
p[97]	 0.00126  
p[98]	 0.00106  
p[99]	 0.00103  
p[100]	 0.00105  
p[101]	 0.00128  
p[102]	 0.00136  
p[103]	 0.00122  
p[104]	 0.00089  
p[105]	 0.00104  
p[106]	 0.00103  
p[107]	 0.00105  
p[108]	 0.000683  
p[109]	 0.00128  
p[110]	 0.00133  
p[111]	 0.00143  
p[112]	 0.00063  
p[113]	 0.000654  
p[114]	 0.000655  
p[115]	 0.000601  
p[116]	 0.000491  
p[117]	 0.000524  
p[118]	 0.000539  
p[119]	 0.000548  
p[120]	 0.000543  
p[121]	 0.000561  
p[122]	 0.000544  
p[123]	 0.000582  
p[124]	 0.000576  
p[125]	 0.000633  
p[126]	 0.000688  
p[127]	 0.000687  
p[128]	 0.000715  
p[129]	 0.000615  
p[130]	 0.000457  
p[131]	 0.00035  
p[132]	 0.000653  
p[133]	 0.000682  
p[134]	 0.000605  
p[135]	 0.00063  
p[136]	 0.000644  
p[137]	 0.000672  
p[138]	 0.000622  
p[139]	 0.000637  
p[140]	 0.000593  
p[141]	 0.00059  
p[142]	 0.00059  
p[143]	 0.000542  
p[144]	 0.000614  
p[145]	 0.00059  
p[146]	 0.000754  
p[147]	 0.00076  
p[148]	 0.000781  
p[149]	 0.000461  
p[150]	 0.000468  
p[151]	 0.000282  

	  PASSED  
__________________
Result codes:
PASSED = OK
FAILED(1) = Optimization routine returned error
FAILED(2) = Solution's gradient was not 0
__________________


Obj->	-587.618  
[Printing tree 1]

[TREE DESCRIPTION of tree con_50_majrule]

tree con_50_majrule = ((Brachystigma_wrightii:8.385869,(Dasistoma_macrophylla:3.221287,Aureolaria_pedicularia:3.221287)AureoDasis:5.164582)AureoBrachy:15.686362,(((((((((((Agalinis_acuta:0.496884,Agalinis_decemloba:0.496884):0.241973,Agalinis_tenella:0.738857):7.436135,Agalinis_skinneriana:8.174992):1.466688,(Agalinis_flexicaulis:5.798445,Agalinis_obtusifolia:5.798445):3.843235):4.756551,Agalinis_oligophylla:14.398232):0.919451,Agalinis_aphylla:15.317683):0.812246,Agalinis_viridis:16.129929):1.334102,((Agalinis_edwardsiana:13.172831,(Agalinis_homalantha:11.514056,Agalinis_pulchella:11.514056):1.658776,Agalinis_navasotensis:13.172831):1.586016,(Agalinis_peduncularis:8.516191,Agalinis_strictifolia:8.516191,Agalinis_gypsophila:8.516191):6.242656):2.705184):1.708718,Agalinis_linifolia:19.172749):0.374321,(((((Agalinis_albida:14.442470,(((Agalinis_fasciculata:4.085899,(Agalinis_paupercula:1.286625,Agalinis_purpurea:1.286625):2.799273):5.364352,Agalinis_harperi:9.450251):4.257373,Agalinis_gattingeri:13.707624):0.734846):1.256612,((Agalinis_kingsii:1.685050,Agalinis_maritima:1.685050):13.570256,Agalinis_laxa:15.255306,(Agalinis_plukenetii:11.810223,Agalinis_setacea:11.810223):3.445083):0.443775):0.748670,Agalinis_tenuifolia:16.447752):1.726165,(Agalinis_divaricata:13.212000,Agalinis_filicaulis:13.212000):4.961917):0.367442,Agalinis_auriculata:18.541359):1.005711):1.080107,(((((((Agalinis_aff_itambensis:3.404305,Agalinis_aff_nana:3.404305):0.653031,Agalinis_brachyphylla:4.057336):0.649647,(Agalinis_ramosissima:3.726756,((Esterhazya_caesarea:1.388547,Esterhazya_splendida:1.388547):1.441985,Esterhazya_nanuzae:2.830532):0.896225):0.980227,Agalinis_angustifolia:4.706983):3.392820,Agalinis_bandeirensis:8.099803):0.420874,Agalinis_communis:8.520677):0.878434,((((Agalinis_bangii:0.939668,Agalinis_scarlatina:0.939668):1.127373,Agalinis_reflexidens:2.067041):0.481488,(Agalinis_brevifolia:1.502183,Agalinis_megalantha:1.502183):1.046347,Agalinis_fiebrigii:2.548529,Agalinis_genistifolia:2.548529,Agalinis_pennellii:2.548529):1.440352,(Agalinis_lanceolata:1.841174,Agalinis_stenantha:1.841174):2.147707):5.410230):3.378149,(Agalinis_calycina:10.464421,Agalinis_heterophylla:10.464421):2.312840):7.849916):3.445054)AgaAureo;
Job finished at 16:21:16 Wed 03 Apr 2024
